<!DOCTYPE html PUBLIC "-//W3C//DTD XHTML 1.1//EN" "https://www.w3.org/TR/xhtml11/DTD/xhtml11.dtd">
<html xmlns="https://www.w3.org/1999/xhtml">
<head>
<meta http-equiv="content-type" content="text/html; charset=UTF-8"/>
<title>TestNG Report</title>
<style type="text/css">table {margin-bottom:10px;border-collapse:collapse;empty-cells:show}th,td {border:1px solid #009;padding:.25em .5em}th {vertical-align:bottom}td {vertical-align:top}table a {font-weight:bold}.stripe td {background-color: #E6EBF9}.num {text-align:right}.passedodd td {background-color: #3F3}.passedeven td {background-color: #0A0}.skippedodd td {background-color: #DDD}.skippedeven td {background-color: #CCC}.failedodd td,.attn {background-color: #F33}.failedeven td,.stripe .attn {background-color: #D00}.stacktrace {white-space:pre;font-family:monospace}.totop {font-size:85%;text-align:center;border-bottom:2px solid #000}.invisible {display:none}</style>
</head>
<body>
<table>
<tr><th>Test</th><th># Passed</th><th># Skipped</th><th># Retried</th><th># Failed</th><th>Time (ms)</th><th>Included Groups</th><th>Excluded Groups</th></tr>
<tr><th colspan="8">Suite</th></tr>
<tr><td><a href="#t0">Test</a></td><td class="num">10</td><td class="num">0</td><td class="num">0</td><td class="num attn">1</td><td class="num">41,582</td><td></td><td></td></tr>
</table>
<table id='summary'><thead><tr><th>Class</th><th>Method</th><th>Start</th><th>Time (ms)</th></tr></thead><tbody><tr><th colspan="4">Suite</th></tr></tbody><tbody id="t0"><tr><th colspan="4">Test &#8212; failed (configuration methods)</th></tr><tr class="failedeven"><td rowspan="1">com.BHL.TC001_LoginPageTest</td><td><a href="#m0">afterSuite</a></td><td rowspan="1">1747735426099</td><td rowspan="1">1</td></tr><tr class="failedodd"><td rowspan="1">com.BHL.TC003_UserGroupAdd</td><td><a href="#m1">tearDown</a></td><td rowspan="1">1747735425521</td><td rowspan="1">0</td></tr><tr><th colspan="4">Test &#8212; failed</th></tr><tr class="failedeven"><td rowspan="1">com.BHL.TC003_UserGroupAdd</td><td><a href="#m2">verifyRoleOptions</a></td><td rowspan="1">1747735417906</td><td rowspan="1">7402</td></tr><tr><th colspan="4">Test &#8212; passed</th></tr><tr class="passedeven"><td rowspan="8">com.BHL.TC001_LoginPageTest</td><td><a href="#m3">TC003_verify_ErrorMessageForEmailField</a></td><td rowspan="1">1747735395967</td><td rowspan="1">683</td></tr><tr class="passedeven"><td><a href="#m4">TC004_verify_ErrorMessageForPasswordField</a></td><td rowspan="1">1747735396656</td><td rowspan="1">86</td></tr><tr class="passedeven"><td><a href="#m5">TC_001_verify_WelcomeText_On_LoginPage</a></td><td rowspan="1">1747735394403</td><td rowspan="1">141</td></tr><tr class="passedeven"><td><a href="#m6">TC_002_verify_Login_Button_Clickable</a></td><td rowspan="1">1747735394569</td><td rowspan="1">1392</td></tr><tr class="passedeven"><td><a href="#m7">TC_005_verify_Login</a></td><td rowspan="1">1747735396745</td><td rowspan="1">5705</td></tr><tr class="passedeven"><td><a href="#m8">TC_006_Logout</a></td><td rowspan="1">1747735402455</td><td rowspan="1">58</td></tr><tr class="passedeven"><td><a href="#m9">TC_007_LogoutFlow</a></td><td rowspan="1">1747735402517</td><td rowspan="1">3524</td></tr><tr class="passedeven"><td><a href="#m10">TC_008_reloginToBHL</a></td><td rowspan="1">1747735406046</td><td rowspan="1">3657</td></tr><tr class="passedodd"><td rowspan="2">com.BHL.TC003_UserGroupAdd</td><td><a href="#m11">VerifyAddUserGroupPage</a></td><td rowspan="1">1747735409733</td><td rowspan="1">3311</td></tr><tr class="passedodd"><td><a href="#m12">verifyErrorValidationForAddUserGroup</a></td><td rowspan="1">1747735413053</td><td rowspan="1">4844</td></tr></tbody>
</table>
<h2>Test</h2><h3 id="m0">com.BHL.TC001_LoginPageTest#afterSuite</h3><table class="result"><tr><th>Exception</th></tr><tr><td><div class="stacktrace">java.lang.AssertionError: The following asserts failed:
	The user name does not match did not expect [Chitra Patil] but found [Chitra Patil]
	at com.BHL.BeforeAfterMethods.afterSuite(BeforeAfterMethods.java:71)
... Removed 19 stack frames</div></td></tr></table><p class="totop"><a href="#summary">back to summary</a></p>
<h3 id="m1">com.BHL.TC003_UserGroupAdd#tearDown</h3><table class="result"><tr class="param"><th>Parameter #1</th></tr><tr class="param stripe"><td>[TestResult name=verifyRoleOptions status=FAILURE method=TC003_UserGroupAdd.verifyRoleOptions()[pri:3, instance:com.BHL.TC003_UserGroupAdd@14cd1699] output={null}]</td></tr><tr><th>Exception</th></tr><tr><td><div class="stacktrace">java.lang.AssertionError: element click intercepted: Element &lt;em style=&quot;color: rgb(139, 154, 168); font-size: 14px; font-style: normal;&quot;&gt;...&lt;/em&gt; is not clickable at point (357, 395). Other element would receive the click: &lt;div aria-hidden=&quot;true&quot; class=&quot;MuiBackdrop-root MuiBackdrop-invisible MuiModal-backdrop css-esi9ax&quot; style=&quot;opacity: 1; transition: opacity 225ms cubic-bezier(0.4, 0, 0.2, 1);&quot;&gt;&lt;/div&gt;
  (Session info: chrome=136.0.7103.114)
Build info: version: &apos;4.28.1&apos;, revision: &apos;73f5ad48a2&apos;
System info: os.name: &apos;Windows 10&apos;, os.arch: &apos;amd64&apos;, os.version: &apos;10.0&apos;, java.version: &apos;24.0.1&apos;
Driver info: org.openqa.selenium.chrome.ChromeDriver
Command: [b53260f123511d11181a017e3d91e3c3, clickElement {id=f.0C89314C300DEE94467E1C06646FC1C7.d.58EAE655C49607CA0EA2FA30C16559F8.e.251}]
Capabilities {acceptInsecureCerts: false, browserName: chrome, browserVersion: 136.0.7103.114, chrome: {chromedriverVersion: 136.0.7103.94 (fa0be0b33deb..., userDataDir: C:\Users\Dinesh\AppData\Loc...}, fedcm:accounts: true, goog:chromeOptions: {debuggerAddress: localhost:53310}, networkConnectionEnabled: false, pageLoadStrategy: normal, platformName: windows, proxy: Proxy(), se:cdp: ws://localhost:53310/devtoo..., se:cdpVersion: 136.0.7103.114, setWindowRect: true, strictFileInteractability: false, timeouts: {implicit: 0, pageLoad: 300000, script: 30000}, unhandledPromptBehavior: dismiss and notify, webauthn:extension:credBlob: true, webauthn:extension:largeBlob: true, webauthn:extension:minPinLength: true, webauthn:extension:prf: true, webauthn:virtualAuthenticators: true}
Element: [[ChromeDriver: chrome on windows (b53260f123511d11181a017e3d91e3c3)] -&gt; xpath: //em[text()=&apos;Select basic user&apos;]]
Session ID: b53260f123511d11181a017e3d91e3c3
	at com.BHL.BeforeAfterMethods.tearDown(BeforeAfterMethods.java:59)
	at java.base/java.util.ArrayList.forEach(ArrayList.java:1604)
... Removed 31 stack frames</div></td></tr></table><p class="totop"><a href="#summary">back to summary</a></p>
<h3 id="m2">com.BHL.TC003_UserGroupAdd#verifyRoleOptions</h3><table class="result"><tr><th>Exception</th></tr><tr><td><div class="stacktrace">org.openqa.selenium.ElementClickInterceptedException: element click intercepted: Element &lt;em style=&quot;color: rgb(139, 154, 168); font-size: 14px; font-style: normal;&quot;&gt;...&lt;/em&gt; is not clickable at point (357, 395). Other element would receive the click: &lt;div aria-hidden=&quot;true&quot; class=&quot;MuiBackdrop-root MuiBackdrop-invisible MuiModal-backdrop css-esi9ax&quot; style=&quot;opacity: 1; transition: opacity 225ms cubic-bezier(0.4, 0, 0.2, 1);&quot;&gt;&lt;/div&gt;
  (Session info: chrome=136.0.7103.114)
Build info: version: &apos;4.28.1&apos;, revision: &apos;73f5ad48a2&apos;
System info: os.name: &apos;Windows 10&apos;, os.arch: &apos;amd64&apos;, os.version: &apos;10.0&apos;, java.version: &apos;24.0.1&apos;
Driver info: org.openqa.selenium.chrome.ChromeDriver
Command: [b53260f123511d11181a017e3d91e3c3, clickElement {id=f.0C89314C300DEE94467E1C06646FC1C7.d.58EAE655C49607CA0EA2FA30C16559F8.e.251}]
Capabilities {acceptInsecureCerts: false, browserName: chrome, browserVersion: 136.0.7103.114, chrome: {chromedriverVersion: 136.0.7103.94 (fa0be0b33deb..., userDataDir: C:\Users\Dinesh\AppData\Loc...}, fedcm:accounts: true, goog:chromeOptions: {debuggerAddress: localhost:53310}, networkConnectionEnabled: false, pageLoadStrategy: normal, platformName: windows, proxy: Proxy(), se:cdp: ws://localhost:53310/devtoo..., se:cdpVersion: 136.0.7103.114, setWindowRect: true, strictFileInteractability: false, timeouts: {implicit: 0, pageLoad: 300000, script: 30000}, unhandledPromptBehavior: dismiss and notify, webauthn:extension:credBlob: true, webauthn:extension:largeBlob: true, webauthn:extension:minPinLength: true, webauthn:extension:prf: true, webauthn:virtualAuthenticators: true}
Element: [[ChromeDriver: chrome on windows (b53260f123511d11181a017e3d91e3c3)] -&gt; xpath: //em[text()=&apos;Select basic user&apos;]]
Session ID: b53260f123511d11181a017e3d91e3c3
	at org.openqa.selenium.remote.ErrorCodec.decode(ErrorCodec.java:167)
	at org.openqa.selenium.remote.codec.w3c.W3CHttpResponseCodec.decode(W3CHttpResponseCodec.java:138)
	at org.openqa.selenium.remote.codec.w3c.W3CHttpResponseCodec.decode(W3CHttpResponseCodec.java:50)
	at org.openqa.selenium.remote.HttpCommandExecutor.execute(HttpCommandExecutor.java:215)
	at org.openqa.selenium.remote.service.DriverCommandExecutor.invokeExecute(DriverCommandExecutor.java:216)
	at org.openqa.selenium.remote.service.DriverCommandExecutor.execute(DriverCommandExecutor.java:174)
	at org.openqa.selenium.remote.RemoteWebDriver.execute(RemoteWebDriver.java:545)
	at org.openqa.selenium.remote.RemoteWebElement.execute(RemoteWebElement.java:223)
	at org.openqa.selenium.remote.RemoteWebElement.click(RemoteWebElement.java:76)
	at org.openqa.selenium.support.pagefactory.internal.LocatingElementHandler.invoke(LocatingElementHandler.java:51)
	at jdk.proxy2/jdk.proxy2.$Proxy20.click(Unknown Source)
	at pom_Pages.Add_UserGroup.VerifyDropdownListingOptionsForUserManagement(Add_UserGroup.java:76)
	at com.BHL.TC003_UserGroupAdd.verifyRoleOptions(TC003_UserGroupAdd.java:57)
	at java.base/java.util.ArrayList.forEach(ArrayList.java:1604)
... Removed 30 stack frames</div></td></tr></table><p class="totop"><a href="#summary">back to summary</a></p>
<h3 id="m3">com.BHL.TC001_LoginPageTest#TC003_verify_ErrorMessageForEmailField</h3><table class="result"><tr><th class="invisible"/></tr></table><p class="totop"><a href="#summary">back to summary</a></p>
<h3 id="m4">com.BHL.TC001_LoginPageTest#TC004_verify_ErrorMessageForPasswordField</h3><table class="result"><tr><th class="invisible"/></tr></table><p class="totop"><a href="#summary">back to summary</a></p>
<h3 id="m5">com.BHL.TC001_LoginPageTest#TC_001_verify_WelcomeText_On_LoginPage</h3><table class="result"><tr><th class="invisible"/></tr></table><p class="totop"><a href="#summary">back to summary</a></p>
<h3 id="m6">com.BHL.TC001_LoginPageTest#TC_002_verify_Login_Button_Clickable</h3><table class="result"><tr><th class="invisible"/></tr></table><p class="totop"><a href="#summary">back to summary</a></p>
<h3 id="m7">com.BHL.TC001_LoginPageTest#TC_005_verify_Login</h3><table class="result"><tr><th class="invisible"/></tr></table><p class="totop"><a href="#summary">back to summary</a></p>
<h3 id="m8">com.BHL.TC001_LoginPageTest#TC_006_Logout</h3><table class="result"><tr><th class="invisible"/></tr></table><p class="totop"><a href="#summary">back to summary</a></p>
<h3 id="m9">com.BHL.TC001_LoginPageTest#TC_007_LogoutFlow</h3><table class="result"><tr><th class="invisible"/></tr></table><p class="totop"><a href="#summary">back to summary</a></p>
<h3 id="m10">com.BHL.TC001_LoginPageTest#TC_008_reloginToBHL</h3><table class="result"><tr><th class="invisible"/></tr></table><p class="totop"><a href="#summary">back to summary</a></p>
<h3 id="m11">com.BHL.TC003_UserGroupAdd#VerifyAddUserGroupPage</h3><table class="result"><tr><th class="invisible"/></tr></table><p class="totop"><a href="#summary">back to summary</a></p>
<h3 id="m12">com.BHL.TC003_UserGroupAdd#verifyErrorValidationForAddUserGroup</h3><table class="result"><tr><th class="invisible"/></tr></table><p class="totop"><a href="#summary">back to summary</a></p>
</body>
</html>
