<?xml version="1.0" encoding="UTF-8"?>
<testng-results ignored="0" total="11" passed="10" failed="1" skipped="0">
  <reporter-output>
  </reporter-output>
  <suite started-at="2025-05-20T15:33:03 IST" name="Suite" finished-at="2025-05-20T15:33:45 IST" duration-ms="41582">
    <groups>
    </groups>
    <test started-at="2025-05-20T15:33:03 IST" name="Test" finished-at="2025-05-20T15:33:45 IST" duration-ms="41582">
      <class name="com.BHL.TC003_UserGroupAdd">
        <test-method is-config="true" signature="setup()[pri:0, instance:com.BHL.TC003_UserGroupAdd@14cd1699]" started-at="2025-05-20T15:33:29 IST" name="setup" finished-at="2025-05-20T15:33:29 IST" duration-ms="1" status="PASS">
          <reporter-output>
          </reporter-output>
        </test-method> <!-- setup -->
        <test-method is-config="true" signature="setUp()[pri:0, instance:com.BHL.TC003_UserGroupAdd@14cd1699]" started-at="2025-05-20T15:33:29 IST" name="setUp" finished-at="2025-05-20T15:33:29 IST" duration-ms="24" status="PASS">
          <reporter-output>
          </reporter-output>
        </test-method> <!-- setUp -->
        <test-method is-config="true" signature="beforeMethod(org.testng.ITestResult)[pri:0, instance:com.BHL.TC003_UserGroupAdd@14cd1699]" started-at="2025-05-20T15:33:29 IST" name="beforeMethod" finished-at="2025-05-20T15:33:29 IST" duration-ms="1" status="PASS">
          <params>
            <param index="0">
              <value>
                <![CDATA[[TestResult name={null} status=CREATED method=TC003_UserGroupAdd.VerifyAddUserGroupPage()[pri:1, instance:com.BHL.TC003_UserGroupAdd@14cd1699] output={null}]]]>
              </value>
            </param>
          </params>
          <reporter-output>
          </reporter-output>
        </test-method> <!-- beforeMethod -->
        <test-method signature="VerifyAddUserGroupPage()[pri:1, instance:com.BHL.TC003_UserGroupAdd@14cd1699]" started-at="2025-05-20T15:33:29 IST" name="VerifyAddUserGroupPage" finished-at="2025-05-20T15:33:33 IST" duration-ms="3311" status="PASS">
          <reporter-output>
          </reporter-output>
        </test-method> <!-- VerifyAddUserGroupPage -->
        <test-method is-config="true" signature="tearDown(org.testng.ITestResult)[pri:0, instance:com.BHL.TC003_UserGroupAdd@14cd1699]" started-at="2025-05-20T15:33:33 IST" name="tearDown" finished-at="2025-05-20T15:33:33 IST" duration-ms="0" status="PASS">
          <params>
            <param index="0">
              <value>
                <![CDATA[[TestResult name=VerifyAddUserGroupPage status=SUCCESS method=TC003_UserGroupAdd.VerifyAddUserGroupPage()[pri:1, instance:com.BHL.TC003_UserGroupAdd@14cd1699] output={null}]]]>
              </value>
            </param>
          </params>
          <reporter-output>
          </reporter-output>
        </test-method> <!-- tearDown -->
        <test-method is-config="true" signature="beforeMethod(org.testng.ITestResult)[pri:0, instance:com.BHL.TC003_UserGroupAdd@14cd1699]" started-at="2025-05-20T15:33:33 IST" name="beforeMethod" finished-at="2025-05-20T15:33:33 IST" duration-ms="1" status="PASS">
          <params>
            <param index="0">
              <value>
                <![CDATA[[TestResult name={null} status=CREATED method=TC003_UserGroupAdd.verifyErrorValidationForAddUserGroup()[pri:2, instance:com.BHL.TC003_UserGroupAdd@14cd1699] output={null}]]]>
              </value>
            </param>
          </params>
          <reporter-output>
          </reporter-output>
        </test-method> <!-- beforeMethod -->
        <test-method signature="verifyErrorValidationForAddUserGroup()[pri:2, instance:com.BHL.TC003_UserGroupAdd@14cd1699]" started-at="2025-05-20T15:33:33 IST" name="verifyErrorValidationForAddUserGroup" finished-at="2025-05-20T15:33:37 IST" duration-ms="4844" status="PASS">
          <reporter-output>
          </reporter-output>
        </test-method> <!-- verifyErrorValidationForAddUserGroup -->
        <test-method is-config="true" signature="tearDown(org.testng.ITestResult)[pri:0, instance:com.BHL.TC003_UserGroupAdd@14cd1699]" started-at="2025-05-20T15:33:37 IST" name="tearDown" finished-at="2025-05-20T15:33:37 IST" duration-ms="2" status="PASS">
          <params>
            <param index="0">
              <value>
                <![CDATA[[TestResult name=verifyErrorValidationForAddUserGroup status=SUCCESS method=TC003_UserGroupAdd.verifyErrorValidationForAddUserGroup()[pri:2, instance:com.BHL.TC003_UserGroupAdd@14cd1699] output={null}]]]>
              </value>
            </param>
          </params>
          <reporter-output>
          </reporter-output>
        </test-method> <!-- tearDown -->
        <test-method is-config="true" signature="beforeMethod(org.testng.ITestResult)[pri:0, instance:com.BHL.TC003_UserGroupAdd@14cd1699]" started-at="2025-05-20T15:33:37 IST" name="beforeMethod" finished-at="2025-05-20T15:33:37 IST" duration-ms="1" status="PASS">
          <params>
            <param index="0">
              <value>
                <![CDATA[[TestResult name={null} status=CREATED method=TC003_UserGroupAdd.verifyRoleOptions()[pri:3, instance:com.BHL.TC003_UserGroupAdd@14cd1699] output={null}]]]>
              </value>
            </param>
          </params>
          <reporter-output>
          </reporter-output>
        </test-method> <!-- beforeMethod -->
        <test-method signature="verifyRoleOptions()[pri:3, instance:com.BHL.TC003_UserGroupAdd@14cd1699]" started-at="2025-05-20T15:33:37 IST" name="verifyRoleOptions" finished-at="2025-05-20T15:33:45 IST" duration-ms="7402" status="FAIL">
          <exception class="org.openqa.selenium.ElementClickInterceptedException">
            <message>
              <![CDATA[element click intercepted: Element <em style="color: rgb(139, 154, 168); font-size: 14px; font-style: normal;">...</em> is not clickable at point (357, 395). Other element would receive the click: <div aria-hidden="true" class="MuiBackdrop-root MuiBackdrop-invisible MuiModal-backdrop css-esi9ax" style="opacity: 1; transition: opacity 225ms cubic-bezier(0.4, 0, 0.2, 1);"></div>
  (Session info: chrome=136.0.7103.114)
Build info: version: '4.28.1', revision: '73f5ad48a2'
System info: os.name: 'Windows 10', os.arch: 'amd64', os.version: '10.0', java.version: '24.0.1'
Driver info: org.openqa.selenium.chrome.ChromeDriver
Command: [b53260f123511d11181a017e3d91e3c3, clickElement {id=f.0C89314C300DEE94467E1C06646FC1C7.d.58EAE655C49607CA0EA2FA30C16559F8.e.251}]
Capabilities {acceptInsecureCerts: false, browserName: chrome, browserVersion: 136.0.7103.114, chrome: {chromedriverVersion: 136.0.7103.94 (fa0be0b33deb..., userDataDir: C:\Users\Dinesh\AppData\Loc...}, fedcm:accounts: true, goog:chromeOptions: {debuggerAddress: localhost:53310}, networkConnectionEnabled: false, pageLoadStrategy: normal, platformName: windows, proxy: Proxy(), se:cdp: ws://localhost:53310/devtoo..., se:cdpVersion: 136.0.7103.114, setWindowRect: true, strictFileInteractability: false, timeouts: {implicit: 0, pageLoad: 300000, script: 30000}, unhandledPromptBehavior: dismiss and notify, webauthn:extension:credBlob: true, webauthn:extension:largeBlob: true, webauthn:extension:minPinLength: true, webauthn:extension:prf: true, webauthn:virtualAuthenticators: true}
Element: [[ChromeDriver: chrome on windows (b53260f123511d11181a017e3d91e3c3)] -> xpath: //em[text()='Select basic user']]
Session ID: b53260f123511d11181a017e3d91e3c3]]>
            </message>
            <full-stacktrace>
              <![CDATA[org.openqa.selenium.ElementClickInterceptedException: element click intercepted: Element <em style="color: rgb(139, 154, 168); font-size: 14px; font-style: normal;">...</em> is not clickable at point (357, 395). Other element would receive the click: <div aria-hidden="true" class="MuiBackdrop-root MuiBackdrop-invisible MuiModal-backdrop css-esi9ax" style="opacity: 1; transition: opacity 225ms cubic-bezier(0.4, 0, 0.2, 1);"></div>
  (Session info: chrome=136.0.7103.114)
Build info: version: '4.28.1', revision: '73f5ad48a2'
System info: os.name: 'Windows 10', os.arch: 'amd64', os.version: '10.0', java.version: '24.0.1'
Driver info: org.openqa.selenium.chrome.ChromeDriver
Command: [b53260f123511d11181a017e3d91e3c3, clickElement {id=f.0C89314C300DEE94467E1C06646FC1C7.d.58EAE655C49607CA0EA2FA30C16559F8.e.251}]
Capabilities {acceptInsecureCerts: false, browserName: chrome, browserVersion: 136.0.7103.114, chrome: {chromedriverVersion: 136.0.7103.94 (fa0be0b33deb..., userDataDir: C:\Users\Dinesh\AppData\Loc...}, fedcm:accounts: true, goog:chromeOptions: {debuggerAddress: localhost:53310}, networkConnectionEnabled: false, pageLoadStrategy: normal, platformName: windows, proxy: Proxy(), se:cdp: ws://localhost:53310/devtoo..., se:cdpVersion: 136.0.7103.114, setWindowRect: true, strictFileInteractability: false, timeouts: {implicit: 0, pageLoad: 300000, script: 30000}, unhandledPromptBehavior: dismiss and notify, webauthn:extension:credBlob: true, webauthn:extension:largeBlob: true, webauthn:extension:minPinLength: true, webauthn:extension:prf: true, webauthn:virtualAuthenticators: true}
Element: [[ChromeDriver: chrome on windows (b53260f123511d11181a017e3d91e3c3)] -> xpath: //em[text()='Select basic user']]
Session ID: b53260f123511d11181a017e3d91e3c3
at java.base/jdk.internal.reflect.DirectConstructorHandleAccessor.newInstance(DirectConstructorHandleAccessor.java:62)
at java.base/java.lang.reflect.Constructor.newInstanceWithCaller(Constructor.java:499)
at java.base/java.lang.reflect.Constructor.newInstance(Constructor.java:483)
at org.openqa.selenium.remote.ErrorCodec.decode(ErrorCodec.java:167)
at org.openqa.selenium.remote.codec.w3c.W3CHttpResponseCodec.decode(W3CHttpResponseCodec.java:138)
at org.openqa.selenium.remote.codec.w3c.W3CHttpResponseCodec.decode(W3CHttpResponseCodec.java:50)
at org.openqa.selenium.remote.HttpCommandExecutor.execute(HttpCommandExecutor.java:215)
at org.openqa.selenium.remote.service.DriverCommandExecutor.invokeExecute(DriverCommandExecutor.java:216)
at org.openqa.selenium.remote.service.DriverCommandExecutor.execute(DriverCommandExecutor.java:174)
at org.openqa.selenium.remote.RemoteWebDriver.execute(RemoteWebDriver.java:545)
at org.openqa.selenium.remote.RemoteWebElement.execute(RemoteWebElement.java:223)
at org.openqa.selenium.remote.RemoteWebElement.click(RemoteWebElement.java:76)
at java.base/jdk.internal.reflect.DirectMethodHandleAccessor.invoke(DirectMethodHandleAccessor.java:104)
at java.base/java.lang.reflect.Method.invoke(Method.java:565)
at org.openqa.selenium.support.pagefactory.internal.LocatingElementHandler.invoke(LocatingElementHandler.java:51)
at jdk.proxy2/jdk.proxy2.$Proxy20.click(Unknown Source)
at pom_Pages.Add_UserGroup.VerifyDropdownListingOptionsForUserManagement(Add_UserGroup.java:76)
at com.BHL.TC003_UserGroupAdd.verifyRoleOptions(TC003_UserGroupAdd.java:57)
at java.base/jdk.internal.reflect.DirectMethodHandleAccessor.invoke(DirectMethodHandleAccessor.java:104)
at java.base/java.lang.reflect.Method.invoke(Method.java:565)
at org.testng.internal.invokers.MethodInvocationHelper.invokeMethod(MethodInvocationHelper.java:141)
at org.testng.internal.invokers.TestInvoker.invokeMethod(TestInvoker.java:687)
at org.testng.internal.invokers.TestInvoker.invokeTestMethod(TestInvoker.java:230)
at org.testng.internal.invokers.MethodRunner.runInSequence(MethodRunner.java:63)
at org.testng.internal.invokers.TestInvoker$MethodInvocationAgent.invoke(TestInvoker.java:995)
at org.testng.internal.invokers.TestInvoker.invokeTestMethods(TestInvoker.java:203)
at org.testng.internal.invokers.TestMethodWorker.invokeTestMethods(TestMethodWorker.java:154)
at org.testng.internal.invokers.TestMethodWorker.run(TestMethodWorker.java:134)
at java.base/java.util.ArrayList.forEach(ArrayList.java:1604)
at org.testng.TestRunner.privateRun(TestRunner.java:741)
at org.testng.TestRunner.run(TestRunner.java:616)
at org.testng.SuiteRunner.runTest(SuiteRunner.java:421)
at org.testng.SuiteRunner.runSequentially(SuiteRunner.java:413)
at org.testng.SuiteRunner.privateRun(SuiteRunner.java:373)
at org.testng.SuiteRunner.run(SuiteRunner.java:312)
at org.testng.SuiteRunnerWorker.runSuite(SuiteRunnerWorker.java:52)
at org.testng.SuiteRunnerWorker.run(SuiteRunnerWorker.java:95)
at org.testng.TestNG.runSuitesSequentially(TestNG.java:1274)
at org.testng.TestNG.runSuitesLocally(TestNG.java:1208)
at org.testng.TestNG.runSuites(TestNG.java:1112)
at org.testng.TestNG.run(TestNG.java:1079)
at org.testng.remote.AbstractRemoteTestNG.run(AbstractRemoteTestNG.java:115)
at org.testng.remote.RemoteTestNG.initAndRun(RemoteTestNG.java:293)
at org.testng.remote.RemoteTestNG.main(RemoteTestNG.java:91)
]]>
            </full-stacktrace>
          </exception> <!-- org.openqa.selenium.ElementClickInterceptedException -->
          <reporter-output>
          </reporter-output>
        </test-method> <!-- verifyRoleOptions -->
        <test-method is-config="true" signature="tearDown(org.testng.ITestResult)[pri:0, instance:com.BHL.TC003_UserGroupAdd@14cd1699]" started-at="2025-05-20T15:33:45 IST" name="tearDown" finished-at="2025-05-20T15:33:45 IST" duration-ms="0" status="FAIL">
          <params>
            <param index="0">
              <value>
                <![CDATA[[TestResult name=verifyRoleOptions status=FAILURE method=TC003_UserGroupAdd.verifyRoleOptions()[pri:3, instance:com.BHL.TC003_UserGroupAdd@14cd1699] output={null}]]]>
              </value>
            </param>
          </params>
          <exception class="java.lang.AssertionError">
            <message>
              <![CDATA[element click intercepted: Element <em style="color: rgb(139, 154, 168); font-size: 14px; font-style: normal;">...</em> is not clickable at point (357, 395). Other element would receive the click: <div aria-hidden="true" class="MuiBackdrop-root MuiBackdrop-invisible MuiModal-backdrop css-esi9ax" style="opacity: 1; transition: opacity 225ms cubic-bezier(0.4, 0, 0.2, 1);"></div>
  (Session info: chrome=136.0.7103.114)
Build info: version: '4.28.1', revision: '73f5ad48a2'
System info: os.name: 'Windows 10', os.arch: 'amd64', os.version: '10.0', java.version: '24.0.1'
Driver info: org.openqa.selenium.chrome.ChromeDriver
Command: [b53260f123511d11181a017e3d91e3c3, clickElement {id=f.0C89314C300DEE94467E1C06646FC1C7.d.58EAE655C49607CA0EA2FA30C16559F8.e.251}]
Capabilities {acceptInsecureCerts: false, browserName: chrome, browserVersion: 136.0.7103.114, chrome: {chromedriverVersion: 136.0.7103.94 (fa0be0b33deb..., userDataDir: C:\Users\Dinesh\AppData\Loc...}, fedcm:accounts: true, goog:chromeOptions: {debuggerAddress: localhost:53310}, networkConnectionEnabled: false, pageLoadStrategy: normal, platformName: windows, proxy: Proxy(), se:cdp: ws://localhost:53310/devtoo..., se:cdpVersion: 136.0.7103.114, setWindowRect: true, strictFileInteractability: false, timeouts: {implicit: 0, pageLoad: 300000, script: 30000}, unhandledPromptBehavior: dismiss and notify, webauthn:extension:credBlob: true, webauthn:extension:largeBlob: true, webauthn:extension:minPinLength: true, webauthn:extension:prf: true, webauthn:virtualAuthenticators: true}
Element: [[ChromeDriver: chrome on windows (b53260f123511d11181a017e3d91e3c3)] -> xpath: //em[text()='Select basic user']]
Session ID: b53260f123511d11181a017e3d91e3c3]]>
            </message>
            <full-stacktrace>
              <![CDATA[java.lang.AssertionError: element click intercepted: Element <em style="color: rgb(139, 154, 168); font-size: 14px; font-style: normal;">...</em> is not clickable at point (357, 395). Other element would receive the click: <div aria-hidden="true" class="MuiBackdrop-root MuiBackdrop-invisible MuiModal-backdrop css-esi9ax" style="opacity: 1; transition: opacity 225ms cubic-bezier(0.4, 0, 0.2, 1);"></div>
  (Session info: chrome=136.0.7103.114)
Build info: version: '4.28.1', revision: '73f5ad48a2'
System info: os.name: 'Windows 10', os.arch: 'amd64', os.version: '10.0', java.version: '24.0.1'
Driver info: org.openqa.selenium.chrome.ChromeDriver
Command: [b53260f123511d11181a017e3d91e3c3, clickElement {id=f.0C89314C300DEE94467E1C06646FC1C7.d.58EAE655C49607CA0EA2FA30C16559F8.e.251}]
Capabilities {acceptInsecureCerts: false, browserName: chrome, browserVersion: 136.0.7103.114, chrome: {chromedriverVersion: 136.0.7103.94 (fa0be0b33deb..., userDataDir: C:\Users\Dinesh\AppData\Loc...}, fedcm:accounts: true, goog:chromeOptions: {debuggerAddress: localhost:53310}, networkConnectionEnabled: false, pageLoadStrategy: normal, platformName: windows, proxy: Proxy(), se:cdp: ws://localhost:53310/devtoo..., se:cdpVersion: 136.0.7103.114, setWindowRect: true, strictFileInteractability: false, timeouts: {implicit: 0, pageLoad: 300000, script: 30000}, unhandledPromptBehavior: dismiss and notify, webauthn:extension:credBlob: true, webauthn:extension:largeBlob: true, webauthn:extension:minPinLength: true, webauthn:extension:prf: true, webauthn:virtualAuthenticators: true}
Element: [[ChromeDriver: chrome on windows (b53260f123511d11181a017e3d91e3c3)] -> xpath: //em[text()='Select basic user']]
Session ID: b53260f123511d11181a017e3d91e3c3
at org.testng.Assert.fail(Assert.java:111)
at com.BHL.BeforeAfterMethods.tearDown(BeforeAfterMethods.java:59)
at java.base/jdk.internal.reflect.DirectMethodHandleAccessor.invoke(DirectMethodHandleAccessor.java:104)
at java.base/java.lang.reflect.Method.invoke(Method.java:565)
at org.testng.internal.invokers.MethodInvocationHelper.invokeMethod(MethodInvocationHelper.java:141)
at org.testng.internal.invokers.MethodInvocationHelper.invokeMethodConsideringTimeout(MethodInvocationHelper.java:71)
at org.testng.internal.invokers.ConfigInvoker.invokeConfigurationMethod(ConfigInvoker.java:400)
at org.testng.internal.invokers.ConfigInvoker.invokeConfigurations(ConfigInvoker.java:333)
at org.testng.internal.invokers.TestInvoker.runConfigMethods(TestInvoker.java:836)
at org.testng.internal.invokers.TestInvoker.runAfterConfigurations(TestInvoker.java:805)
at org.testng.internal.invokers.TestInvoker.invokeMethod(TestInvoker.java:781)
at org.testng.internal.invokers.TestInvoker.invokeTestMethod(TestInvoker.java:230)
at org.testng.internal.invokers.MethodRunner.runInSequence(MethodRunner.java:63)
at org.testng.internal.invokers.TestInvoker$MethodInvocationAgent.invoke(TestInvoker.java:995)
at org.testng.internal.invokers.TestInvoker.invokeTestMethods(TestInvoker.java:203)
at org.testng.internal.invokers.TestMethodWorker.invokeTestMethods(TestMethodWorker.java:154)
at org.testng.internal.invokers.TestMethodWorker.run(TestMethodWorker.java:134)
at java.base/java.util.ArrayList.forEach(ArrayList.java:1604)
at org.testng.TestRunner.privateRun(TestRunner.java:741)
at org.testng.TestRunner.run(TestRunner.java:616)
at org.testng.SuiteRunner.runTest(SuiteRunner.java:421)
at org.testng.SuiteRunner.runSequentially(SuiteRunner.java:413)
at org.testng.SuiteRunner.privateRun(SuiteRunner.java:373)
at org.testng.SuiteRunner.run(SuiteRunner.java:312)
at org.testng.SuiteRunnerWorker.runSuite(SuiteRunnerWorker.java:52)
at org.testng.SuiteRunnerWorker.run(SuiteRunnerWorker.java:95)
at org.testng.TestNG.runSuitesSequentially(TestNG.java:1274)
at org.testng.TestNG.runSuitesLocally(TestNG.java:1208)
at org.testng.TestNG.runSuites(TestNG.java:1112)
at org.testng.TestNG.run(TestNG.java:1079)
at org.testng.remote.AbstractRemoteTestNG.run(AbstractRemoteTestNG.java:115)
at org.testng.remote.RemoteTestNG.initAndRun(RemoteTestNG.java:293)
at org.testng.remote.RemoteTestNG.main(RemoteTestNG.java:91)
]]>
            </full-stacktrace>
          </exception> <!-- java.lang.AssertionError -->
          <reporter-output>
          </reporter-output>
        </test-method> <!-- tearDown -->
      </class> <!-- com.BHL.TC003_UserGroupAdd -->
      <class name="com.BHL.TC001_LoginPageTest">
        <test-method is-config="true" signature="beforeSuitMethod()[pri:0, instance:com.BHL.TC001_LoginPageTest@55182842]" started-at="2025-05-20T15:33:03 IST" name="beforeSuitMethod" finished-at="2025-05-20T15:33:03 IST" duration-ms="24" status="PASS">
          <reporter-output>
          </reporter-output>
        </test-method> <!-- beforeSuitMethod -->
        <test-method is-config="true" signature="beforeTest()[pri:0, instance:com.BHL.TC001_LoginPageTest@55182842]" started-at="2025-05-20T15:33:04 IST" name="beforeTest" finished-at="2025-05-20T15:33:04 IST" duration-ms="1" status="PASS">
          <reporter-output>
          </reporter-output>
        </test-method> <!-- beforeTest -->
        <test-method is-config="true" signature="setup()[pri:0, instance:com.BHL.TC001_LoginPageTest@55182842]" started-at="2025-05-20T15:33:04 IST" name="setup" finished-at="2025-05-20T15:33:14 IST" duration-ms="9658" status="PASS">
          <reporter-output>
          </reporter-output>
        </test-method> <!-- setup -->
        <test-method is-config="true" signature="setUp()[pri:0, instance:com.BHL.TC001_LoginPageTest@55182842]" started-at="2025-05-20T15:33:14 IST" name="setUp" finished-at="2025-05-20T15:33:14 IST" duration-ms="137" status="PASS">
          <reporter-output>
          </reporter-output>
        </test-method> <!-- setUp -->
        <test-method is-config="true" signature="beforeMethod(org.testng.ITestResult)[pri:0, instance:com.BHL.TC001_LoginPageTest@55182842]" started-at="2025-05-20T15:33:14 IST" name="beforeMethod" finished-at="2025-05-20T15:33:14 IST" duration-ms="8" status="PASS">
          <params>
            <param index="0">
              <value>
                <![CDATA[[TestResult name={null} status=CREATED method=TC001_LoginPageTest.TC_001_verify_WelcomeText_On_LoginPage()[pri:1, instance:com.BHL.TC001_LoginPageTest@55182842] output={null}]]]>
              </value>
            </param>
          </params>
          <reporter-output>
          </reporter-output>
        </test-method> <!-- beforeMethod -->
        <test-method signature="TC_001_verify_WelcomeText_On_LoginPage()[pri:1, instance:com.BHL.TC001_LoginPageTest@55182842]" started-at="2025-05-20T15:33:14 IST" name="TC_001_verify_WelcomeText_On_LoginPage" finished-at="2025-05-20T15:33:14 IST" duration-ms="141" status="PASS">
          <reporter-output>
          </reporter-output>
        </test-method> <!-- TC_001_verify_WelcomeText_On_LoginPage -->
        <test-method is-config="true" signature="tearDown(org.testng.ITestResult)[pri:0, instance:com.BHL.TC001_LoginPageTest@55182842]" started-at="2025-05-20T15:33:14 IST" name="tearDown" finished-at="2025-05-20T15:33:14 IST" duration-ms="4" status="PASS">
          <params>
            <param index="0">
              <value>
                <![CDATA[[TestResult name=TC_001_verify_WelcomeText_On_LoginPage status=SUCCESS method=TC001_LoginPageTest.TC_001_verify_WelcomeText_On_LoginPage()[pri:1, instance:com.BHL.TC001_LoginPageTest@55182842] output={null}]]]>
              </value>
            </param>
          </params>
          <reporter-output>
          </reporter-output>
        </test-method> <!-- tearDown -->
        <test-method signature="TC_002_verify_Login_Button_Clickable()[pri:2, instance:com.BHL.TC001_LoginPageTest@55182842]" started-at="2025-05-20T15:33:14 IST" name="TC_002_verify_Login_Button_Clickable" finished-at="2025-05-20T15:33:15 IST" duration-ms="1392" status="PASS">
          <reporter-output>
          </reporter-output>
        </test-method> <!-- TC_002_verify_Login_Button_Clickable -->
        <test-method is-config="true" signature="beforeMethod(org.testng.ITestResult)[pri:0, instance:com.BHL.TC001_LoginPageTest@55182842]" started-at="2025-05-20T15:33:14 IST" name="beforeMethod" finished-at="2025-05-20T15:33:14 IST" duration-ms="0" status="PASS">
          <params>
            <param index="0">
              <value>
                <![CDATA[[TestResult name={null} status=CREATED method=TC001_LoginPageTest.TC_002_verify_Login_Button_Clickable()[pri:2, instance:com.BHL.TC001_LoginPageTest@55182842] output={null}]]]>
              </value>
            </param>
          </params>
          <reporter-output>
          </reporter-output>
        </test-method> <!-- beforeMethod -->
        <test-method is-config="true" signature="tearDown(org.testng.ITestResult)[pri:0, instance:com.BHL.TC001_LoginPageTest@55182842]" started-at="2025-05-20T15:33:15 IST" name="tearDown" finished-at="2025-05-20T15:33:15 IST" duration-ms="0" status="PASS">
          <params>
            <param index="0">
              <value>
                <![CDATA[[TestResult name=TC_002_verify_Login_Button_Clickable status=SUCCESS method=TC001_LoginPageTest.TC_002_verify_Login_Button_Clickable()[pri:2, instance:com.BHL.TC001_LoginPageTest@55182842] output={null}]]]>
              </value>
            </param>
          </params>
          <reporter-output>
          </reporter-output>
        </test-method> <!-- tearDown -->
        <test-method is-config="true" signature="beforeMethod(org.testng.ITestResult)[pri:0, instance:com.BHL.TC001_LoginPageTest@55182842]" started-at="2025-05-20T15:33:15 IST" name="beforeMethod" finished-at="2025-05-20T15:33:15 IST" duration-ms="1" status="PASS">
          <params>
            <param index="0">
              <value>
                <![CDATA[[TestResult name={null} status=CREATED method=TC001_LoginPageTest.TC003_verify_ErrorMessageForEmailField()[pri:3, instance:com.BHL.TC001_LoginPageTest@55182842] output={null}]]]>
              </value>
            </param>
          </params>
          <reporter-output>
          </reporter-output>
        </test-method> <!-- beforeMethod -->
        <test-method signature="TC003_verify_ErrorMessageForEmailField()[pri:3, instance:com.BHL.TC001_LoginPageTest@55182842]" started-at="2025-05-20T15:33:15 IST" name="TC003_verify_ErrorMessageForEmailField" finished-at="2025-05-20T15:33:16 IST" duration-ms="683" status="PASS">
          <reporter-output>
          </reporter-output>
        </test-method> <!-- TC003_verify_ErrorMessageForEmailField -->
        <test-method is-config="true" signature="tearDown(org.testng.ITestResult)[pri:0, instance:com.BHL.TC001_LoginPageTest@55182842]" started-at="2025-05-20T15:33:16 IST" name="tearDown" finished-at="2025-05-20T15:33:16 IST" duration-ms="0" status="PASS">
          <params>
            <param index="0">
              <value>
                <![CDATA[[TestResult name=TC003_verify_ErrorMessageForEmailField status=SUCCESS method=TC001_LoginPageTest.TC003_verify_ErrorMessageForEmailField()[pri:3, instance:com.BHL.TC001_LoginPageTest@55182842] output={null}]]]>
              </value>
            </param>
          </params>
          <reporter-output>
          </reporter-output>
        </test-method> <!-- tearDown -->
        <test-method is-config="true" signature="beforeMethod(org.testng.ITestResult)[pri:0, instance:com.BHL.TC001_LoginPageTest@55182842]" started-at="2025-05-20T15:33:16 IST" name="beforeMethod" finished-at="2025-05-20T15:33:16 IST" duration-ms="1" status="PASS">
          <params>
            <param index="0">
              <value>
                <![CDATA[[TestResult name={null} status=CREATED method=TC001_LoginPageTest.TC004_verify_ErrorMessageForPasswordField()[pri:4, instance:com.BHL.TC001_LoginPageTest@55182842] output={null}]]]>
              </value>
            </param>
          </params>
          <reporter-output>
          </reporter-output>
        </test-method> <!-- beforeMethod -->
        <test-method signature="TC004_verify_ErrorMessageForPasswordField()[pri:4, instance:com.BHL.TC001_LoginPageTest@55182842]" started-at="2025-05-20T15:33:16 IST" name="TC004_verify_ErrorMessageForPasswordField" finished-at="2025-05-20T15:33:16 IST" duration-ms="86" status="PASS">
          <reporter-output>
          </reporter-output>
        </test-method> <!-- TC004_verify_ErrorMessageForPasswordField -->
        <test-method is-config="true" signature="tearDown(org.testng.ITestResult)[pri:0, instance:com.BHL.TC001_LoginPageTest@55182842]" started-at="2025-05-20T15:33:16 IST" name="tearDown" finished-at="2025-05-20T15:33:16 IST" duration-ms="1" status="PASS">
          <params>
            <param index="0">
              <value>
                <![CDATA[[TestResult name=TC004_verify_ErrorMessageForPasswordField status=SUCCESS method=TC001_LoginPageTest.TC004_verify_ErrorMessageForPasswordField()[pri:4, instance:com.BHL.TC001_LoginPageTest@55182842] output={null}]]]>
              </value>
            </param>
          </params>
          <reporter-output>
          </reporter-output>
        </test-method> <!-- tearDown -->
        <test-method signature="TC_005_verify_Login()[pri:5, instance:com.BHL.TC001_LoginPageTest@55182842]" started-at="2025-05-20T15:33:16 IST" name="TC_005_verify_Login" finished-at="2025-05-20T15:33:22 IST" duration-ms="5705" status="PASS">
          <reporter-output>
          </reporter-output>
        </test-method> <!-- TC_005_verify_Login -->
        <test-method is-config="true" signature="beforeMethod(org.testng.ITestResult)[pri:0, instance:com.BHL.TC001_LoginPageTest@55182842]" started-at="2025-05-20T15:33:16 IST" name="beforeMethod" finished-at="2025-05-20T15:33:16 IST" duration-ms="0" status="PASS">
          <params>
            <param index="0">
              <value>
                <![CDATA[[TestResult name={null} status=CREATED method=TC001_LoginPageTest.TC_005_verify_Login()[pri:5, instance:com.BHL.TC001_LoginPageTest@55182842] output={null}]]]>
              </value>
            </param>
          </params>
          <reporter-output>
          </reporter-output>
        </test-method> <!-- beforeMethod -->
        <test-method is-config="true" signature="tearDown(org.testng.ITestResult)[pri:0, instance:com.BHL.TC001_LoginPageTest@55182842]" started-at="2025-05-20T15:33:22 IST" name="tearDown" finished-at="2025-05-20T15:33:22 IST" duration-ms="1" status="PASS">
          <params>
            <param index="0">
              <value>
                <![CDATA[[TestResult name=TC_005_verify_Login status=SUCCESS method=TC001_LoginPageTest.TC_005_verify_Login()[pri:5, instance:com.BHL.TC001_LoginPageTest@55182842] output={null}]]]>
              </value>
            </param>
          </params>
          <reporter-output>
          </reporter-output>
        </test-method> <!-- tearDown -->
        <test-method is-config="true" signature="beforeMethod(org.testng.ITestResult)[pri:0, instance:com.BHL.TC001_LoginPageTest@55182842]" started-at="2025-05-20T15:33:22 IST" name="beforeMethod" finished-at="2025-05-20T15:33:22 IST" duration-ms="0" status="PASS">
          <params>
            <param index="0">
              <value>
                <![CDATA[[TestResult name={null} status=CREATED method=TC001_LoginPageTest.TC_006_Logout()[pri:6, instance:com.BHL.TC001_LoginPageTest@55182842] output={null}]]]>
              </value>
            </param>
          </params>
          <reporter-output>
          </reporter-output>
        </test-method> <!-- beforeMethod -->
        <test-method signature="TC_006_Logout()[pri:6, instance:com.BHL.TC001_LoginPageTest@55182842]" started-at="2025-05-20T15:33:22 IST" name="TC_006_Logout" finished-at="2025-05-20T15:33:22 IST" duration-ms="58" status="PASS">
          <reporter-output>
          </reporter-output>
        </test-method> <!-- TC_006_Logout -->
        <test-method is-config="true" signature="tearDown(org.testng.ITestResult)[pri:0, instance:com.BHL.TC001_LoginPageTest@55182842]" started-at="2025-05-20T15:33:22 IST" name="tearDown" finished-at="2025-05-20T15:33:22 IST" duration-ms="1" status="PASS">
          <params>
            <param index="0">
              <value>
                <![CDATA[[TestResult name=TC_006_Logout status=SUCCESS method=TC001_LoginPageTest.TC_006_Logout()[pri:6, instance:com.BHL.TC001_LoginPageTest@55182842] output={null}]]]>
              </value>
            </param>
          </params>
          <reporter-output>
          </reporter-output>
        </test-method> <!-- tearDown -->
        <test-method is-config="true" signature="beforeMethod(org.testng.ITestResult)[pri:0, instance:com.BHL.TC001_LoginPageTest@55182842]" started-at="2025-05-20T15:33:22 IST" name="beforeMethod" finished-at="2025-05-20T15:33:22 IST" duration-ms="1" status="PASS">
          <params>
            <param index="0">
              <value>
                <![CDATA[[TestResult name={null} status=CREATED method=TC001_LoginPageTest.TC_007_LogoutFlow()[pri:7, instance:com.BHL.TC001_LoginPageTest@55182842] output={null}]]]>
              </value>
            </param>
          </params>
          <reporter-output>
          </reporter-output>
        </test-method> <!-- beforeMethod -->
        <test-method signature="TC_007_LogoutFlow()[pri:7, instance:com.BHL.TC001_LoginPageTest@55182842]" started-at="2025-05-20T15:33:22 IST" name="TC_007_LogoutFlow" finished-at="2025-05-20T15:33:26 IST" duration-ms="3524" status="PASS">
          <reporter-output>
          </reporter-output>
        </test-method> <!-- TC_007_LogoutFlow -->
        <test-method is-config="true" signature="tearDown(org.testng.ITestResult)[pri:0, instance:com.BHL.TC001_LoginPageTest@55182842]" started-at="2025-05-20T15:33:26 IST" name="tearDown" finished-at="2025-05-20T15:33:26 IST" duration-ms="1" status="PASS">
          <params>
            <param index="0">
              <value>
                <![CDATA[[TestResult name=TC_007_LogoutFlow status=SUCCESS method=TC001_LoginPageTest.TC_007_LogoutFlow()[pri:7, instance:com.BHL.TC001_LoginPageTest@55182842] output={null}]]]>
              </value>
            </param>
          </params>
          <reporter-output>
          </reporter-output>
        </test-method> <!-- tearDown -->
        <test-method is-config="true" signature="beforeMethod(org.testng.ITestResult)[pri:0, instance:com.BHL.TC001_LoginPageTest@55182842]" started-at="2025-05-20T15:33:26 IST" name="beforeMethod" finished-at="2025-05-20T15:33:26 IST" duration-ms="1" status="PASS">
          <params>
            <param index="0">
              <value>
                <![CDATA[[TestResult name={null} status=CREATED method=TC001_LoginPageTest.TC_008_reloginToBHL()[pri:8, instance:com.BHL.TC001_LoginPageTest@55182842] output={null}]]]>
              </value>
            </param>
          </params>
          <reporter-output>
          </reporter-output>
        </test-method> <!-- beforeMethod -->
        <test-method signature="TC_008_reloginToBHL()[pri:8, instance:com.BHL.TC001_LoginPageTest@55182842]" started-at="2025-05-20T15:33:26 IST" name="TC_008_reloginToBHL" finished-at="2025-05-20T15:33:29 IST" duration-ms="3657" status="PASS">
          <reporter-output>
          </reporter-output>
        </test-method> <!-- TC_008_reloginToBHL -->
        <test-method is-config="true" signature="tearDown(org.testng.ITestResult)[pri:0, instance:com.BHL.TC001_LoginPageTest@55182842]" started-at="2025-05-20T15:33:29 IST" name="tearDown" finished-at="2025-05-20T15:33:29 IST" duration-ms="1" status="PASS">
          <params>
            <param index="0">
              <value>
                <![CDATA[[TestResult name=TC_008_reloginToBHL status=SUCCESS method=TC001_LoginPageTest.TC_008_reloginToBHL()[pri:8, instance:com.BHL.TC001_LoginPageTest@55182842] output={null}]]]>
              </value>
            </param>
          </params>
          <reporter-output>
          </reporter-output>
        </test-method> <!-- tearDown -->
        <test-method is-config="true" signature="afterSuite()[pri:0, instance:com.BHL.TC001_LoginPageTest@55182842]" started-at="2025-05-20T15:33:46 IST" name="afterSuite" finished-at="2025-05-20T15:33:46 IST" duration-ms="1" status="FAIL">
          <exception class="java.lang.AssertionError">
            <message>
              <![CDATA[The following asserts failed:
The user name does not match did not expect [Chitra Patil] but found [Chitra Patil]]]>
            </message>
            <full-stacktrace>
              <![CDATA[java.lang.AssertionError: The following asserts failed:
The user name does not match did not expect [Chitra Patil] but found [Chitra Patil]
at org.testng.asserts.SoftAssert.assertAll(SoftAssert.java:46)
at org.testng.asserts.SoftAssert.assertAll(SoftAssert.java:30)
at com.BHL.BeforeAfterMethods.afterSuite(BeforeAfterMethods.java:71)
at java.base/jdk.internal.reflect.DirectMethodHandleAccessor.invoke(DirectMethodHandleAccessor.java:104)
at java.base/java.lang.reflect.Method.invoke(Method.java:565)
at org.testng.internal.invokers.MethodInvocationHelper.invokeMethod(MethodInvocationHelper.java:141)
at org.testng.internal.invokers.MethodInvocationHelper.invokeMethodConsideringTimeout(MethodInvocationHelper.java:71)
at org.testng.internal.invokers.ConfigInvoker.invokeConfigurationMethod(ConfigInvoker.java:400)
at org.testng.internal.invokers.ConfigInvoker.invokeConfigurations(ConfigInvoker.java:333)
at org.testng.SuiteRunner.privateRun(SuiteRunner.java:386)
at org.testng.SuiteRunner.run(SuiteRunner.java:312)
at org.testng.SuiteRunnerWorker.runSuite(SuiteRunnerWorker.java:52)
at org.testng.SuiteRunnerWorker.run(SuiteRunnerWorker.java:95)
at org.testng.TestNG.runSuitesSequentially(TestNG.java:1274)
at org.testng.TestNG.runSuitesLocally(TestNG.java:1208)
at org.testng.TestNG.runSuites(TestNG.java:1112)
at org.testng.TestNG.run(TestNG.java:1079)
at org.testng.remote.AbstractRemoteTestNG.run(AbstractRemoteTestNG.java:115)
at org.testng.remote.RemoteTestNG.initAndRun(RemoteTestNG.java:293)
at org.testng.remote.RemoteTestNG.main(RemoteTestNG.java:91)
]]>
            </full-stacktrace>
          </exception> <!-- java.lang.AssertionError -->
          <reporter-output>
          </reporter-output>
        </test-method> <!-- afterSuite -->
      </class> <!-- com.BHL.TC001_LoginPageTest -->
    </test> <!-- Test -->
  </suite> <!-- Suite -->
</testng-results>
